C51 COMPILER V9.60.7.0   DELAY                                                             03/22/2024 08:47:21 PAGE 1   


C51 COMPILER V9.60.7.0, COMPILATION OF MODULE DELAY
OBJECT MODULE PLACED IN delay.OBJ
COMPILER INVOKED BY: D:\Keil_v5\C51\BIN\C51.EXE delay.c OPTIMIZE(8,SPEED) BROWSE DEBUG OBJECTEXTEND TABS(2)

line level    source

   1          #include <system.h>
   2          /*****************************
   3              ´óÖÂ7us
   4          *****************************/
   5          void DelayUs2x(unsigned char t)
   6          {   
   7   1         while(--t);
   8   1      }
   9          
  10          /****************************
  11               ´óÖÂ1ms
  12          *****************************/
  13          void DelayMs(unsigned int t)
  14          {    
  15   1        while(t--)
  16   1        {
  17   2           DelayUs2x(245);
  18   2           DelayUs2x(245);
  19   2        }
  20   1      }


MODULE INFORMATION:   STATIC OVERLAYABLE
   CODE SIZE        =     30    ----
   CONSTANT SIZE    =   ----    ----
   XDATA SIZE       =   ----    ----
   PDATA SIZE       =   ----    ----
   DATA SIZE        =   ----    ----
   IDATA SIZE       =   ----    ----
   BIT SIZE         =   ----    ----
END OF MODULE INFORMATION.


C51 COMPILATION COMPLETE.  0 WARNING(S),  0 ERROR(S)
