C51 COMPILER V9.60.7.0   LED                                                               03/22/2024 08:47:21 PAGE 1   


C51 COMPILER V9.60.7.0, COMPILATION OF MODULE LED
OBJECT MODULE PLACED IN led.OBJ
COMPILER INVOKED BY: D:\Keil_v5\C51\BIN\C51.EXE led.c OPTIMIZE(8,SPEED) BROWSE DEBUG OBJECTEXTEND TABS(2)

line level    source

   1          #include <AT89X52.h>
   2          #include <system.h>
   3          /*****************************
   4            所有LED上电
   5          *****************************/
   6          void ledpoweron(void)
   7          {
   8   1        P3_7=0;
   9   1      }
  10          /*****************************
  11            所有LED断电
  12          *****************************/
  13          void ledpoweroff(void)
  14          {
  15   1        P3_7=1;
  16   1      }
  17          /*****************************
  18            LED全亮
  19          *****************************/
  20          void ledallon(void)
  21          {
  22   1          P0=0X00;
  23   1        P1=0X00;
  24   1        P2=0X00;
  25   1        P3=P3&0XC0;
  26   1      }
  27          /*****************************
  28            LED全灭
  29          *****************************/
  30          void ledalloff(void)
  31          {
  32   1          P0=0Xff;
  33   1        P1=0Xff;
  34   1        P2=0Xff;
  35   1        P3=P3|0X3f;
  36   1      }
  37          /*****************************
  38             控制某个LED亮，1-30
  39          *****************************/
  40          void ledon(unsigned char i)
  41          {
  42   1        switch (i)
  43   1        {
  44   2              case  1  : P0=P0&0x7f;break;
  45   2          case  2  : P0=P0&0xbf;break;
  46   2          case  3  : P0=P0&0xdf;break;
  47   2          case  4  : P0=P0&0xef;break;
  48   2          case  5  : P0=P0&0xf7;break;
  49   2          case  6  : P0=P0&0xfb;break;
  50   2          case  7  : P0=P0&0xfd;break;
  51   2          case  8  : P0=P0&0xfe;break;//
  52   2          case  9  : P1=P1&0xfe;break;
  53   2          case  10 : P1=P1&0xfd;break;
  54   2          case  11 : P1=P1&0xfb;break;
  55   2          case  12 : P1=P1&0xf7;break;
C51 COMPILER V9.60.7.0   LED                                                               03/22/2024 08:47:21 PAGE 2   

  56   2          case  13 : P1=P1&0xef;break;
  57   2          case  14 : P1=P1&0xdf;break;
  58   2          case  15 : P1=P1&0xbf;break;
  59   2          case  16 : P1=P1&0x7f;break;//
  60   2          case  17 : P3=P3&0xfe;break;
  61   2          case  18 : P3=P3&0xfd;break;
  62   2          case  19 : P3=P3&0xfb;break;
  63   2          case  20 : P3=P3&0xf7;break;
  64   2          case  21 : P3=P3&0xef;break;
  65   2          case  22 : P3=P3&0xdf;break;
  66   2          case  23 : P2=P2&0xfe;break;
  67   2          case  24 : P2=P2&0xfd;break;
  68   2          case  25 : P2=P2&0xfb;break;
  69   2          case  26 : P2=P2&0xf7;break;
  70   2          case  27 : P2=P2&0xef;break;
  71   2          case  28 : P2=P2&0xdf;break;
  72   2          case  29 : P2=P2&0xbf;break;
  73   2          case  30 : P2=P2&0x7f;break;
  74   2          default  : break;
  75   2        }
  76   1      }
  77          /*****************************
  78             控制某个LED灯灭，1-30
  79          *****************************/
  80          void ledoff(unsigned char i)
  81          {
  82   1        switch (i)
  83   1        {
  84   2              case  1  : P0=P0|0x80;break;
  85   2          case  2  : P0=P0|0x40;break;
  86   2          case  3  : P0=P0|0x20;break;
  87   2          case  4  : P0=P0|0x10;break;
  88   2          case  5  : P0=P0|0x08;break;
  89   2          case  6  : P0=P0|0x04;break;
  90   2          case  7  : P0=P0|0x02;break;
  91   2          case  8  : P0=P0|0x01;break;//
  92   2          case  9  : P1=P1|0x01;break;
  93   2          case  10 : P1=P1|0x02;break;
  94   2          case  11 : P1=P1|0x04;break;
  95   2          case  12 : P1=P1|0x08;break;
  96   2          case  13 : P1=P1|0x10;break;
  97   2          case  14 : P1=P1|0x20;break;
  98   2          case  15 : P1=P1|0x40;break;
  99   2          case  16 : P1=P1|0x80;break;//
 100   2          case  17 : P3=P3|0x01;break;
 101   2          case  18 : P3=P3|0x02;break;
 102   2          case  19 : P3=P3|0x04;break;
 103   2          case  20 : P3=P3|0x08;break;
 104   2          case  21 : P3=P3|0x10;break;
 105   2          case  22 : P3=P3|0x20;break;
 106   2          case  23 : P2=P2|0x01;break;
 107   2          case  24 : P2=P2|0x02;break;
 108   2          case  25 : P2=P2|0x04;break;
 109   2          case  26 : P2=P2|0x08;break;
 110   2          case  27 : P2=P2|0x10;break;
 111   2          case  28 : P2=P2|0x20;break;
 112   2          case  29 : P2=P2|0x40;break;
 113   2          case  30 : P2=P2|0x80;break;
 114   2          default  : break;
 115   2        }
 116   1      }

C51 COMPILER V9.60.7.0   LED                                                               03/22/2024 08:47:21 PAGE 3   


MODULE INFORMATION:   STATIC OVERLAYABLE
   CODE SIZE        =    498    ----
   CONSTANT SIZE    =   ----    ----
   XDATA SIZE       =   ----    ----
   PDATA SIZE       =   ----    ----
   DATA SIZE        =   ----    ----
   IDATA SIZE       =   ----    ----
   BIT SIZE         =   ----    ----
END OF MODULE INFORMATION.


C51 COMPILATION COMPLETE.  0 WARNING(S),  0 ERROR(S)
